* using log directory ‘/usr/lib64/R/library/RESS/RESS.Rcheck’
* using R version 3.1.1 (2014-07-10)
* using platform: x86_64-redhat-linux-gnu (64-bit)
* using session charset: UTF-8
* checking for file ‘RESS/DESCRIPTION’ ... OK
* checking extension type ... Package
* this is package ‘RESS’ version ‘1.0’
* checking package namespace information ... OK
* checking package dependencies ... OK
* checking if this is a source package ... OK
* checking if there is a namespace ... OK
* checking for executable files ... OK
* checking for hidden files and directories ... OK
* checking for portable file names ... OK
* checking for sufficient/correct file permissions ... OK
* checking whether package ‘RESS’ can be installed ... OK
* checking installed package size ... OK
* checking package directory ... OK
* checking DESCRIPTION meta-information ... OK
* checking top-level files ... OK
* checking for left-over files ... OK
* checking index information ... OK
* checking package subdirectories ... OK
* checking R files for non-ASCII characters ... OK
* checking R files for syntax errors ... OK
* checking whether the package can be loaded ... OK
* checking whether the package can be loaded with stated dependencies ... OK
* checking whether the package can be unloaded cleanly ... OK
* checking whether the namespace can be loaded with stated dependencies ... OK
* checking whether the namespace can be unloaded cleanly ... OK
* checking dependencies in R code ... OK
* checking S3 generic/method consistency ... OK
* checking replacement functions ... OK
* checking foreign function calls ... OK
* checking R code for possible problems ... OK
* checking Rd files ... OK
* checking Rd metadata ... OK
* checking Rd cross-references ... OK
* checking for missing documentation entries ... OK
* checking for code/documentation mismatches ... OK
* checking Rd \usage sections ... OK
* checking Rd contents ... OK
* checking for unstated dependencies in examples ... OK
* checking examples ... ERROR
Running examples in ‘RESS-Ex.R’ failed
The error most likely occurred in:

> ### Name: essQuery
> ### Title: essQuery
> ### Aliases: essQuery
> 
> ### ** Examples
> 
> fullexec <- essQuery("ess task exec", "echo -e '11,12,13\n4,5,6\n7,8,9' ","#-notitle")
Essentia (INFO)	 : Starting task execution
Essentia (INFO)	 : Task execution completed in 0:00:00.201757
Error in seq.default(1, length(which(t2[, 1] == "RSTOPHERE")), 1) : 
  wrong sign in 'by' argument
Calls: essQuery -> seq -> seq.default
Execution halted
